TN:
SF:src\Api.js
FN:2,Api
FN:7,_getUrl
FN:22,_checkAnswerStatus
FNF:3
FNH:3
FNDA:5,Api
FNDA:3,_getUrl
FNDA:6,_checkAnswerStatus
DA:1,1
DA:2,1
DA:3,5
DA:4,5
DA:5,5
DA:6,1
DA:7,1
DA:8,3
DA:9,3
DA:10,3
DA:11,7
DA:12,7
DA:13,3
DA:14,3
DA:15,2
DA:16,3
DA:17,3
DA:18,2
DA:19,3
DA:20,3
DA:21,1
DA:22,1
DA:23,6
DA:24,4
DA:25,4
DA:26,3
DA:27,3
DA:28,1
DA:29,1
DA:30,4
DA:31,1
DA:32,1
DA:33,1
DA:34,1
DA:35,1
LF:35
LH:35
BRDA:2,0,0,5
BRDA:7,1,0,3
BRDA:14,2,0,2
BRDA:10,3,0,7
BRDA:15,4,0,3
BRDA:22,5,0,6
BRDA:23,6,0,4
BRDA:25,7,0,3
BRDA:28,8,0,1
BRDA:30,9,0,2
BRDA:30,10,0,1
BRF:11
BRH:11
end_of_record
TN:
SF:src\Card.js
FN:2,Card
FN:10,getCity
FN:14,_getElement
FN:22,_setEventLiteners
FN:28,generate
FNF:5
FNH:4
FNDA:3,Card
FNDA:0,getCity
FNDA:3,_getElement
FNDA:3,_setEventLiteners
FNDA:3,generate
DA:1,1
DA:2,1
DA:3,3
DA:4,3
DA:5,3
DA:6,3
DA:7,3
DA:8,3
DA:9,1
DA:10,1
DA:11,0
DA:12,0
DA:13,1
DA:14,1
DA:15,3
DA:16,3
DA:17,3
DA:18,3
DA:19,3
DA:20,3
DA:21,1
DA:22,1
DA:23,3
DA:24,1
DA:25,1
DA:26,3
DA:27,1
DA:28,1
DA:29,3
DA:30,3
DA:31,3
DA:32,3
DA:33,3
DA:34,3
DA:35,3
DA:36,3
DA:37,3
DA:38,3
DA:39,3
DA:40,3
DA:41,3
DA:42,3
DA:43,3
DA:44,3
DA:45,1
LF:45
LH:43
BRDA:2,0,0,3
BRDA:14,1,0,3
BRDA:22,2,0,3
BRDA:23,3,0,1
BRDA:28,4,0,3
BRF:5
BRH:5
end_of_record
TN:
SF:src\Form.js
FN:2,Form
FN:7,getInputValues
FN:16,setEventListeners
FNF:3
FNH:3
FNDA:2,Form
FNDA:2,getInputValues
FNDA:1,setEventListeners
DA:1,1
DA:2,1
DA:3,2
DA:4,2
DA:5,2
DA:6,1
DA:7,1
DA:8,2
DA:9,2
DA:10,2
DA:11,4
DA:12,4
DA:13,2
DA:14,2
DA:15,1
DA:16,1
DA:17,1
DA:18,1
DA:19,1
DA:20,1
DA:21,1
DA:22,1
DA:23,1
LF:23
LH:23
BRDA:2,0,0,2
BRDA:7,1,0,2
BRDA:10,2,0,4
BRDA:16,3,0,1
BRDA:17,4,0,1
BRF:5
BRH:5
end_of_record
TN:
SF:src\GeoApi.js
FN:4,getCurrentLocation
FNF:1
FNH:1
FNDA:1,getCurrentLocation
DA:1,1
DA:2,1
DA:3,1
DA:4,1
DA:5,1
DA:6,1
DA:7,1
DA:8,1
DA:9,1
LF:9
LH:9
BRDA:4,0,0,1
BRDA:5,1,0,1
BRF:2
BRH:2
end_of_record
TN:
SF:src\GoogleMapApi.js
FN:4,getStaticMap
FNF:1
FNH:1
FNDA:1,getStaticMap
DA:1,1
DA:2,1
DA:3,1
DA:4,1
DA:5,1
DA:6,1
DA:7,1
LF:7
LH:7
BRDA:4,0,0,1
BRF:1
BRH:1
end_of_record
TN:
SF:src\History.js
FN:2,History
FN:8,getHistory
FN:12,_setHistory
FN:19,_checkHistoryLength
FN:25,addElement
FNF:5
FNH:5
FNDA:3,History
FNDA:6,getHistory
FNDA:10,_setHistory
FNDA:10,_checkHistoryLength
FNDA:10,addElement
DA:1,1
DA:2,1
DA:3,3
DA:4,3
DA:5,3
DA:6,3
DA:7,1
DA:8,1
DA:9,6
DA:10,6
DA:11,1
DA:12,1
DA:13,10
DA:14,10
DA:15,10
DA:16,10
DA:17,10
DA:18,1
DA:19,1
DA:20,10
DA:21,1
DA:22,1
DA:23,10
DA:24,1
DA:25,1
DA:26,10
DA:27,10
DA:28,10
DA:29,10
DA:30,1
LF:30
LH:30
BRDA:2,0,0,3
BRDA:8,1,0,6
BRDA:9,2,0,2
BRDA:9,3,0,2
BRDA:9,4,0,4
BRDA:12,5,0,10
BRDA:19,6,0,10
BRDA:20,7,0,1
BRDA:25,8,0,10
BRF:9
BRH:9
end_of_record
TN:
SF:src\OpenWeatherApi.js
FN:4,getCurrentWeather
FNF:1
FNH:1
FNDA:1,getCurrentWeather
DA:1,1
DA:2,1
DA:3,1
DA:4,1
DA:5,1
DA:6,1
DA:7,1
DA:8,1
DA:9,1
LF:9
LH:9
BRDA:4,0,0,1
BRDA:5,1,0,1
BRF:2
BRH:2
end_of_record
TN:
SF:src\Section.js
FN:2,Section
FN:8,_clear
FN:12,_checkCardsCount
FN:19,addItem
FN:25,renderItems
FNF:5
FNH:5
FNDA:5,Section
FNDA:1,_clear
FNDA:10,_checkCardsCount
FNDA:11,addItem
FNDA:2,renderItems
DA:1,1
DA:2,1
DA:3,5
DA:4,5
DA:5,5
DA:6,5
DA:7,1
DA:8,1
DA:9,1
DA:10,1
DA:11,1
DA:12,1
DA:13,10
DA:14,1
DA:15,1
DA:16,1
DA:17,10
DA:18,1
DA:19,1
DA:20,11
DA:21,11
DA:22,11
DA:23,11
DA:24,1
DA:25,1
DA:26,2
DA:27,2
DA:28,2
DA:29,1
LF:29
LH:29
BRDA:2,0,0,5
BRDA:8,1,0,1
BRDA:12,2,0,10
BRDA:13,3,0,1
BRDA:19,4,0,11
BRDA:25,5,0,2
BRDA:27,6,0,8
BRF:7
BRH:7
end_of_record
TN:
SF:src\constants.js
FNF:0
FNH:0
DA:1,1
DA:2,1
DA:3,1
DA:4,1
DA:5,1
DA:6,1
DA:7,1
DA:8,1
DA:9,1
DA:10,1
DA:11,1
DA:12,1
DA:13,1
DA:14,1
DA:15,1
DA:16,1
DA:17,1
DA:18,1
DA:19,1
DA:20,1
DA:21,1
DA:22,1
DA:23,1
DA:24,1
DA:25,1
DA:26,1
DA:27,1
DA:28,1
DA:29,1
DA:30,1
LF:30
LH:30
BRF:0
BRH:0
end_of_record
TN:
SF:src\utils.js
FNF:0
FNH:0
DA:1,1
DA:2,1
DA:3,1
DA:4,1
DA:5,1
DA:6,1
DA:7,1
DA:8,1
DA:9,1
DA:10,1
DA:11,1
DA:12,1
DA:13,1
DA:14,1
DA:15,1
DA:16,1
DA:17,1
DA:18,1
DA:19,1
DA:20,1
DA:21,1
DA:22,1
DA:23,1
DA:24,1
LF:24
LH:24
BRF:0
BRH:0
end_of_record
